<?xml version="1.0" encoding="UTF-8"?>
<testsuite name="RationalTest" tests="7" skipped="0" failures="0" errors="0" timestamp="2023-09-16T15:29:22" hostname="LAPTOP-BC5KSIQK" time="0.026">
  <properties/>
  <testcase name="testAdd" classname="RationalTest" time="0.011"/>
  <testcase name="testSubtract" classname="RationalTest" time="0.0"/>
  <testcase name="testCompareTo" classname="RationalTest" time="0.0"/>
  <testcase name="testTestToString" classname="RationalTest" time="0.012"/>
  <testcase name="testTestEquals" classname="RationalTest" time="0.0"/>
  <testcase name="testDivide" classname="RationalTest" time="0.001"/>
  <testcase name="testMultiply" classname="RationalTest" time="0.0"/>
  <system-out><![CDATA[]]></system-out>
  <system-err><![CDATA[]]></system-err>
</testsuite>
